@DecentralizedExchange 67
@DecentralizedExchange 89
@DecentralizedExchange 93
@DecentralizedExchange 89
@DecentralizedExchange 93
@DecentralizedExchange 193
@clienctconnection 54
@clienctconnection 55
@clienctconnection 57
test
cool
coolvvv
nein
hier
@clienctconnection 59
mausge
1
add
add open
clientconnection@79
clientconnection@85
maadadadadadadadadusge
mauadadadadadsge
clientconnection@91
clientconnection@727
clientconnection@733
clientconnection@745
end
madaadadadaadaadadadusge
KwHA1nbgLmJPJ98QsEb8padePhx7fZFuC1qYRv4BonM812Ls3ffZ
1Exa1H3W5kUH3khXRgJGEbxg9jqBxVT7Rp
mausssdadsasdasdasdge
mausasadsasdssge
ALL_OK
cool
clientconnection@727
clientconnection@733
clientconnection@745
end
add close
@DecentralizedExchange 95
@DecentralizedExchange 89
@DecentralizedExchange 93
@DecentralizedExchange 193
@clienctconnection 54
@clienctconnection 55
@clienctconnection 57
clientconnection@727
clientconnection@733
clientconnection@745
end
@clienctconnection 59
mausge
2
tradewith
tradewith open
sssssad
asljkfjcyklnjkcbgzbdsyxjbvcbcb
IkJUSwJnOAQkFnd7LgFNdCseOTZeIVEmZzJ4KVcwGzwKEANEBFh1JhkWdjV1X3dAWhkcfydTEwgzcTccRQkeOCEHPVwsBg8+ZgI/LkkMYGB3IUQLKi9zJR5ZJRR4NHQ2IUgwTQ59AmYZC3QIXHdEEUdnbAA+FxsVQFopYz5gADgbO2QCITcIIVYpNiN7TQYiVkB7c1poFkJ8PlxBSUBmZ0oLPwojOkYpflVoGjsfCGRSekcwVzQWTXEOdzNaJ1NkaHFaWgNfGxhScXZ5HRxIdxw/SgUMA3Q1H2hxbwJPa1t9ZBYzF1IzPQBKTGJbBzcoeRAXeD4vcQVqRTpAIhV2Jxw2T2kfDEdHWFMofTAjXWFGYQ0MRiRzWGlMV1pXWxYpASJ1XA==,,fWt6NhxdJm9BYxgOOjAGA2oPIRVVR1JvLl5kKVsAfgB+TUUrdg0bEAwXCzdGBTFlQ3IrUn0+WilQSXx/JyN5MxJibBsrbA9UTC94VS9ZPxsFQ1l7VVkFayYUOWZSKyYIJQBFW0kTWXhtAn9jXA4SFnpVJGVsZFJzZDJACyJ+EwdVAGsqWEoCOhk+ElxvLV5oBzV3ejJDXTYRGU4lJ10dBzV5JHcwBHcER209IBlmMh8/ETRxG3ghUxEMXyUEShVKajh1JBFKXVIHUEJRAzxnKR1oamA+U2QKPwhFA1V6Oj8NVgRFHWYSXjZ/GwAzIEkPVjtSNTFEc3diCwlRdk5bXUItcxFGRGwfBD8YLh5bclBxFkw+b0pAcnFBLz5HETBKbkp3dQ==,,IkJUSwJnOAQkBnt4LQFGZzwOOTdKD1FscxxaLVcdCGQdPhhXBGV1Jg04XDd1T2BSWgk2MiVTD0skWCgNURosPSEuNVk7BhM4ZXQwdkoyXTlhH0scKT9efQtZC154GV42IUgwTQ5tDmUaC38bS2dEEFNJbEoqOTkRQHc6OylOGysbBmQCNRkiI1Y5ITF7XSxvVEBnME1BCVNoLW5ESWluYl0LIwwgTElxfWtVQy0hB3NRampoQjQ4B3EjXTNaJ1NkaHFaWgNfGxhScXZ5HRxIdxw/SgUMA3Q1H2hxbwJPa1t9ZBYzF1IzPQBKTGJbBzcoeRAXeD4vcQVqRTpAIhV2Jxw2T2kfDEdHWFMofTAjXWFGYQ0MRiRzWGlMV1pXWxYpASJ1XA==,,fWt6NhxdJm9BcxQNOTANEH0fIRRBaVIlOnBGLVstbVhpY144djAbEBg5ITVGFSZ3Q2IBH38+RmpHYGNuMzBLNhJLZB48bBNST1l3DSxnAkITfVZsVkkoMzMUFyxSBgwIJQBFW0kDVXtuAnRwSx4SF257JC94SnB3ZB9TUzVQCBRVPWsqTGQoOBkuBU5vPXQlBTVrOSVqQicFCnwgJ3QVAiJ5OHEzcnhcRFMAeQ9YPQg8ARkpDngPGREhdSUEShVKajh1JBFKXVIHUEJRAzxnKR1oamA+U2QKPwhFA1V6Oj8NVgRFHWYSXjZ/GwAzIEkPVjtSNTFEc3diCwlRdk5bXUItcxFGRGwfBD8YLh5bclBxFkw+b0pAcnFBLz5HETBKbkp3dQ==,,1Baw16obH3zqM4xALdMj7dMMskBSC9nFAM
ddddff
1Baw16obH3zqM4xALdMj7dMMskBSC9nFAM
dddddd1
dddddd2
dddddd3
dddddd4
djdnvncncnnccc
clientconnection@727
clientconnection@733
clientconnection@745
end
tradewith close
@DecentralizedExchange 95
@DecentralizedExchange 89
@DecentralizedExchange 93
@DecentralizedExchange 193
@clienctconnection 54
@clienctconnection 55
@clienctconnection 57
clientconnection@727
clientconnection@733
clientconnection@745
end
@clienctconnection 59
mausge
1
updatebalancebitcoin
updatebalancebitcoin open
@ClientConnection 1468
updatebalancebitcoin close
@DecentralizedExchange 95
@DecentralizedExchange 89
@DecentralizedExchange 93
@DecentralizedExchange 193
@clienctconnection 54
@clienctconnection 55
@clienctconnection 57
clientconnection@727
clientconnection@733
clientconnection@745
end
@clienctconnection 59
mausge
1
getbalancebitcoin
getbalancebitcoin open
@ClientConnection 1494
getbalancebitcoin close
@DecentralizedExchange 95
@DecentralizedExchange 89
@DecentralizedExchange 93
@DecentralizedExchange 193
@clienctconnection 54
@clienctconnection 55
@clienctconnection 57
clientconnection@727
clientconnection@733
clientconnection@745
end
@clienctconnection 59
mausge
1
updatebalancebitcrystal
updatebalancebitcrystal open
@ClientConnection 1468
updatebalancebitcrystal close
@DecentralizedExchange 95
@DecentralizedExchange 89
@DecentralizedExchange 93
@DecentralizedExchange 193
@clienctconnection 54
@clienctconnection 55
@clienctconnection 57
clientconnection@727
clientconnection@733
clientconnection@745
end
@clienctconnection 59
mausge
1
getbalancebitcrystal
getbalancebitcrystal open
@ClientConnection 1494
getbalancebitcrystal close
@DecentralizedExchange 95
@DecentralizedExchange 89
@DecentralizedExchange 93
@DecentralizedExchange 193
@clienctconnection 54
@clienctconnection 55
@clienctconnection 57
clientconnection@727
clientconnection@733
clientconnection@745
end
@clienctconnection 59
mausge
1
updatebalancebitcoin
updatebalancebitcoin open
@ClientConnection 1468
updatebalancebitcoin close
@DecentralizedExchange 95
@DecentralizedExchange 89
@DecentralizedExchange 93
@DecentralizedExchange 193
@clienctconnection 54
@clienctconnection 55
@clienctconnection 57
clientconnection@727
clientconnection@733
clientconnection@745
end
@clienctconnection 59
mausge
1
getbalancebitcoin
getbalancebitcoin open
@ClientConnection 1494
getbalancebitcoin close
@DecentralizedExchange 95
@DecentralizedExchange 89
@DecentralizedExchange 93
@DecentralizedExchange 193
@clienctconnection 54
@clienctconnection 55
@clienctconnection 57
clientconnection@727
clientconnection@733
clientconnection@745
end
@clienctconnection 59
mausge
1
updatebalancebitcrystal
updatebalancebitcrystal open
@ClientConnection 1468
updatebalancebitcrystal close
@DecentralizedExchange 95
@DecentralizedExchange 89
@DecentralizedExchange 93
@DecentralizedExchange 193
@clienctconnection 54
@clienctconnection 55
@clienctconnection 57
clientconnection@727
clientconnection@733
clientconnection@745
end
@clienctconnection 59
mausge
1
getbalancebitcrystal
getbalancebitcrystal open
@ClientConnection 1494
getbalancebitcrystal close
@DecentralizedExchange 95
@DecentralizedExchange 89
@DecentralizedExchange 93
@DecentralizedExchange 193
@clienctconnection 54
@clienctconnection 55
@clienctconnection 57
clientconnection@727
clientconnection@733
clientconnection@745
end
@clienctconnection 59
mausge
1
updatebalancebitcoin
updatebalancebitcoin open
@ClientConnection 1468
updatebalancebitcoin close
@DecentralizedExchange 95
@DecentralizedExchange 89
@DecentralizedExchange 93
@DecentralizedExchange 193
@clienctconnection 54
@clienctconnection 55
@clienctconnection 57
clientconnection@727
clientconnection@733
clientconnection@745
end
@clienctconnection 59
mausge
1
getbalancebitcoin
getbalancebitcoin open
@ClientConnection 1494
getbalancebitcoin close
@DecentralizedExchange 95
@DecentralizedExchange 89
@DecentralizedExchange 93
@DecentralizedExchange 193
@clienctconnection 54
@clienctconnection 55
@clienctconnection 57
clientconnection@727
clientconnection@733
clientconnection@745
end
@clienctconnection 59
mausge
1
updatebalancebitcrystal
updatebalancebitcrystal open
@ClientConnection 1468
updatebalancebitcrystal close
@DecentralizedExchange 95
@DecentralizedExchange 89
@DecentralizedExchange 93
@DecentralizedExchange 193
@clienctconnection 54
@clienctconnection 55
@clienctconnection 57
clientconnection@727
clientconnection@733
clientconnection@745
end
@clienctconnection 59
mausge
1
getbalancebitcrystal
getbalancebitcrystal open
@ClientConnection 1494
getbalancebitcrystal close
@DecentralizedExchange 95
@DecentralizedExchange 89
@DecentralizedExchange 93
@DecentralizedExchange 193
@clienctconnection 54
@clienctconnection 55
@clienctconnection 57
clientconnection@727
clientconnection@733
clientconnection@745
end
@clienctconnection 59
mausge
1
updatebalancebitcoin
updatebalancebitcoin open
@ClientConnection 1468
updatebalancebitcoin close
@DecentralizedExchange 95
@DecentralizedExchange 89
@DecentralizedExchange 93
@DecentralizedExchange 193
@clienctconnection 54
@clienctconnection 55
@clienctconnection 57
clientconnection@727
clientconnection@733
clientconnection@745
end
@clienctconnection 59
mausge
1
getbalancebitcoin
getbalancebitcoin open
@ClientConnection 1494
getbalancebitcoin close
@DecentralizedExchange 95
@DecentralizedExchange 89
@DecentralizedExchange 93
@DecentralizedExchange 193
@clienctconnection 54
@clienctconnection 55
@clienctconnection 57
clientconnection@727
clientconnection@733
clientconnection@745
end
@clienctconnection 59
mausge
1
updatebalancebitcrystal
updatebalancebitcrystal open
@ClientConnection 1468
updatebalancebitcrystal close
@DecentralizedExchange 95
@DecentralizedExchange 89
@DecentralizedExchange 93
@DecentralizedExchange 193
@clienctconnection 54
@clienctconnection 55
@clienctconnection 57
clientconnection@727
clientconnection@733
clientconnection@745
end
@clienctconnection 59
mausge
1
getbalancebitcrystal
getbalancebitcrystal open
@ClientConnection 1494
getbalancebitcrystal close
@DecentralizedExchange 95
@DecentralizedExchange 89
@DecentralizedExchange 93
@DecentralizedExchange 193
@clienctconnection 54
@clienctconnection 55
@clienctconnection 57
clientconnection@727
clientconnection@733
clientconnection@745
end
@clienctconnection 59
mausge
1
updatebalancebitcoin
updatebalancebitcoin open
@ClientConnection 1468
updatebalancebitcoin close
@DecentralizedExchange 95
@DecentralizedExchange 89
@DecentralizedExchange 93
@DecentralizedExchange 193
@clienctconnection 54
@clienctconnection 55
@clienctconnection 57
clientconnection@727
clientconnection@733
clientconnection@745
end
@clienctconnection 59
mausge
1
getbalancebitcoin
getbalancebitcoin open
@ClientConnection 1494
getbalancebitcoin close
@DecentralizedExchange 95
@DecentralizedExchange 89
@DecentralizedExchange 93
@DecentralizedExchange 193
@clienctconnection 54
@clienctconnection 55
@clienctconnection 57
clientconnection@727
clientconnection@733
clientconnection@745
end
@clienctconnection 59
mausge
1
updatebalancebitcrystal
updatebalancebitcrystal open
@ClientConnection 1468
updatebalancebitcrystal close
@DecentralizedExchange 95
@DecentralizedExchange 89
@DecentralizedExchange 93
@DecentralizedExchange 193
@clienctconnection 54
@clienctconnection 55
@clienctconnection 57
clientconnection@727
clientconnection@733
clientconnection@745
end
@clienctconnection 59
mausge
1
getbalancebitcrystal
getbalancebitcrystal open
@ClientConnection 1494
getbalancebitcrystal close
@DecentralizedExchange 95
@DecentralizedExchange 89
@DecentralizedExchange 93
@DecentralizedExchange 193
@clienctconnection 54
@clienctconnection 55
@clienctconnection 57
clientconnection@727
clientconnection@733
clientconnection@745
end
@clienctconnection 59
mausge
1
updatebalancebitcoin
updatebalancebitcoin open
@ClientConnection 1468
updatebalancebitcoin close
@DecentralizedExchange 95
@DecentralizedExchange 89
@DecentralizedExchange 93
@DecentralizedExchange 193
@clienctconnection 54
@clienctconnection 55
@clienctconnection 57
clientconnection@727
clientconnection@733
clientconnection@745
end
@clienctconnection 59
mausge
1
getbalancebitcoin
getbalancebitcoin open
@ClientConnection 1494
getbalancebitcoin close
@DecentralizedExchange 95
@DecentralizedExchange 89
@DecentralizedExchange 93
@DecentralizedExchange 193
@clienctconnection 54
@clienctconnection 55
@clienctconnection 57
clientconnection@727
clientconnection@733
clientconnection@745
end
@clienctconnection 59
mausge
1
updatebalancebitcrystal
updatebalancebitcrystal open
@ClientConnection 1468
updatebalancebitcrystal close
@DecentralizedExchange 95
@DecentralizedExchange 89
@DecentralizedExchange 93
@DecentralizedExchange 193
@clienctconnection 54
@clienctconnection 55
@clienctconnection 57
clientconnection@727
clientconnection@733
clientconnection@745
end
@clienctconnection 59
mausge
1
getbalancebitcrystal
getbalancebitcrystal open
@ClientConnection 1494
getbalancebitcrystal close
@DecentralizedExchange 95
@DecentralizedExchange 89
@DecentralizedExchange 93
@DecentralizedExchange 193
@clienctconnection 54
@clienctconnection 55
@clienctconnection 57
clientconnection@727
clientconnection@733
clientconnection@745
end
@clienctconnection 59
mausge
1
updatebalancebitcoin
updatebalancebitcoin open
@ClientConnection 1468
updatebalancebitcoin close
@DecentralizedExchange 95
@DecentralizedExchange 89
@DecentralizedExchange 93
@DecentralizedExchange 193
@clienctconnection 54
@clienctconnection 55
@clienctconnection 57
clientconnection@727
clientconnection@733
clientconnection@745
end
@clienctconnection 59
mausge
1
getbalancebitcoin
getbalancebitcoin open
@ClientConnection 1494
getbalancebitcoin close
@DecentralizedExchange 95
@DecentralizedExchange 89
@DecentralizedExchange 93
@DecentralizedExchange 193
@clienctconnection 54
@clienctconnection 55
@clienctconnection 57
clientconnection@727
clientconnection@733
clientconnection@745
end
@clienctconnection 59
mausge
1
updatebalancebitcrystal
updatebalancebitcrystal open
@ClientConnection 1468
updatebalancebitcrystal close
@DecentralizedExchange 95
@DecentralizedExchange 89
@DecentralizedExchange 93
@DecentralizedExchange 193
@clienctconnection 54
@clienctconnection 55
@clienctconnection 57
clientconnection@727
clientconnection@733
clientconnection@745
end
@clienctconnection 59
mausge
1
getbalancebitcrystal
getbalancebitcrystal open
@ClientConnection 1494
getbalancebitcrystal close
@DecentralizedExchange 95
@DecentralizedExchange 89
@DecentralizedExchange 93
@DecentralizedExchange 193
@clienctconnection 54
@clienctconnection 55
@clienctconnection 57
clientconnection@727
clientconnection@733
clientconnection@745
end
@clienctconnection 59
mausge
1
updatebalancebitcoin
updatebalancebitcoin open
@ClientConnection 1468
updatebalancebitcoin close
@DecentralizedExchange 95
@DecentralizedExchange 89
@DecentralizedExchange 93
@DecentralizedExchange 193
@clienctconnection 54
@clienctconnection 55
@clienctconnection 57
clientconnection@727
clientconnection@733
clientconnection@745
end
@clienctconnection 59
mausge
1
getbalancebitcoin
getbalancebitcoin open
@ClientConnection 1494
getbalancebitcoin close
@DecentralizedExchange 95
@DecentralizedExchange 89
@DecentralizedExchange 93
@DecentralizedExchange 193
@clienctconnection 54
@clienctconnection 55
@clienctconnection 57
clientconnection@727
clientconnection@733
clientconnection@745
end
@clienctconnection 59
mausge
1
updatebalancebitcrystal
updatebalancebitcrystal open
@ClientConnection 1468
updatebalancebitcrystal close
@DecentralizedExchange 95
@DecentralizedExchange 89
@DecentralizedExchange 93
@DecentralizedExchange 193
@clienctconnection 54
@clienctconnection 55
@clienctconnection 57
clientconnection@727
clientconnection@733
clientconnection@745
end
@clienctconnection 59
mausge
1
getbalancebitcrystal
getbalancebitcrystal open
@ClientConnection 1494
getbalancebitcrystal close
@DecentralizedExchange 95
@DecentralizedExchange 89
@DecentralizedExchange 93
@DecentralizedExchange 193
@clienctconnection 54
@clienctconnection 55
@clienctconnection 57
clientconnection@727
clientconnection@733
clientconnection@745
end
@clienctconnection 59
mausge
1
updatebalancebitcoin
updatebalancebitcoin open
@ClientConnection 1468
updatebalancebitcoin close
@DecentralizedExchange 95
@DecentralizedExchange 89
@DecentralizedExchange 93
@DecentralizedExchange 193
@clienctconnection 54
@clienctconnection 55
@clienctconnection 57
clientconnection@727
clientconnection@733
clientconnection@745
end
@clienctconnection 59
mausge
1
getbalancebitcoin
getbalancebitcoin open
@ClientConnection 1494
getbalancebitcoin close
@DecentralizedExchange 95
@DecentralizedExchange 89
@DecentralizedExchange 93
@DecentralizedExchange 193
@clienctconnection 54
@clienctconnection 55
@clienctconnection 57
clientconnection@727
clientconnection@733
clientconnection@745
end
@clienctconnection 59
mausge
1
updatebalancebitcrystal
updatebalancebitcrystal open
@ClientConnection 1468
updatebalancebitcrystal close
@DecentralizedExchange 95
@DecentralizedExchange 89
@DecentralizedExchange 93
@DecentralizedExchange 193
@clienctconnection 54
@clienctconnection 55
@clienctconnection 57
clientconnection@727
clientconnection@733
clientconnection@745
end
@clienctconnection 59
mausge
1
getbalancebitcrystal
getbalancebitcrystal open
@ClientConnection 1494
getbalancebitcrystal close
@DecentralizedExchange 95
@DecentralizedExchange 89
@DecentralizedExchange 93
@DecentralizedExchange 193
@clienctconnection 54
@clienctconnection 55
@clienctconnection 57
clientconnection@727
clientconnection@733
clientconnection@745
end
@clienctconnection 59
mausge
1
updatebalancebitcoin
updatebalancebitcoin open
@ClientConnection 1468
updatebalancebitcoin close
@DecentralizedExchange 95
@DecentralizedExchange 89
@DecentralizedExchange 93
@DecentralizedExchange 193
@clienctconnection 54
@clienctconnection 55
@clienctconnection 57
clientconnection@727
clientconnection@733
clientconnection@745
end
@clienctconnection 59
mausge
1
getbalancebitcoin
getbalancebitcoin open
@ClientConnection 1494
getbalancebitcoin close
@DecentralizedExchange 95
@DecentralizedExchange 89
@DecentralizedExchange 93
@DecentralizedExchange 193
@clienctconnection 54
@clienctconnection 55
@clienctconnection 57
clientconnection@727
clientconnection@733
clientconnection@745
end
@clienctconnection 59
mausge
1
updatebalancebitcrystal
updatebalancebitcrystal open
@ClientConnection 1468
updatebalancebitcrystal close
@DecentralizedExchange 95
@DecentralizedExchange 89
@DecentralizedExchange 93
@DecentralizedExchange 193
@clienctconnection 54
@clienctconnection 55
@clienctconnection 57
clientconnection@727
clientconnection@733
clientconnection@745
end
@clienctconnection 59
mausge
1
getbalancebitcrystal
getbalancebitcrystal open
@ClientConnection 1494
getbalancebitcrystal close
@DecentralizedExchange 95
@DecentralizedExchange 89
@DecentralizedExchange 93
@DecentralizedExchange 193
@clienctconnection 54
@clienctconnection 55
@clienctconnection 57
clientconnection@727
clientconnection@733
clientconnection@745
end
@clienctconnection 59
mausge
1
updatebalancebitcoin
updatebalancebitcoin open
@ClientConnection 1468
updatebalancebitcoin close
@DecentralizedExchange 95
@DecentralizedExchange 89
@DecentralizedExchange 93
@DecentralizedExchange 193
@clienctconnection 54
@clienctconnection 55
@clienctconnection 57
clientconnection@727
clientconnection@733
clientconnection@745
end
@clienctconnection 59
mausge
1
getbalancebitcoin
getbalancebitcoin open
@ClientConnection 1494
getbalancebitcoin close
@DecentralizedExchange 95
@DecentralizedExchange 89
@DecentralizedExchange 93
@DecentralizedExchange 193
@clienctconnection 54
@clienctconnection 55
@clienctconnection 57
clientconnection@727
clientconnection@733
clientconnection@745
end
@clienctconnection 59
mausge
1
updatebalancebitcrystal
updatebalancebitcrystal open
@ClientConnection 1468
updatebalancebitcrystal close
@DecentralizedExchange 95
@DecentralizedExchange 89
@DecentralizedExchange 93
@DecentralizedExchange 193
@clienctconnection 54
@clienctconnection 55
@clienctconnection 57
clientconnection@727
clientconnection@733
clientconnection@745
end
@clienctconnection 59
mausge
1
getbalancebitcrystal
getbalancebitcrystal open
@ClientConnection 1494
getbalancebitcrystal close
@DecentralizedExchange 95
@DecentralizedExchange 89
@DecentralizedExchange 93
@DecentralizedExchange 193
@clienctconnection 54
@clienctconnection 55
@clienctconnection 57
clientconnection@727
clientconnection@733
clientconnection@745
end
@clienctconnection 59
mausge
1
updatebalancebitcoin
updatebalancebitcoin open
@ClientConnection 1468
updatebalancebitcoin close
@DecentralizedExchange 95
@DecentralizedExchange 89
@DecentralizedExchange 93
@DecentralizedExchange 193
@clienctconnection 54
@clienctconnection 55
@clienctconnection 57
clientconnection@727
clientconnection@733
clientconnection@745
end
@clienctconnection 59
mausge
1
getbalancebitcoin
getbalancebitcoin open
@ClientConnection 1494
getbalancebitcoin close
@DecentralizedExchange 95
@DecentralizedExchange 89
@DecentralizedExchange 93
@DecentralizedExchange 193
@clienctconnection 54
@clienctconnection 55
@clienctconnection 57
clientconnection@727
clientconnection@733
clientconnection@745
end
@clienctconnection 59
mausge
1
updatebalancebitcrystal
updatebalancebitcrystal open
@ClientConnection 1468
updatebalancebitcrystal close
@DecentralizedExchange 95
@DecentralizedExchange 89
@DecentralizedExchange 93
@DecentralizedExchange 193
@clienctconnection 54
@clienctconnection 55
@clienctconnection 57
clientconnection@727
clientconnection@733
clientconnection@745
end
@clienctconnection 59
mausge
1
getbalancebitcrystal
getbalancebitcrystal open
@ClientConnection 1494
getbalancebitcrystal close
@DecentralizedExchange 95
@DecentralizedExchange 89
@DecentralizedExchange 93
@DecentralizedExchange 193
@clienctconnection 54
@clienctconnection 55
@clienctconnection 57
clientconnection@727
clientconnection@733
clientconnection@745
end
@clienctconnection 59
mausge
1
updatebalancebitcoin
updatebalancebitcoin open
@ClientConnection 1468
updatebalancebitcoin close
@DecentralizedExchange 95
@DecentralizedExchange 89
@DecentralizedExchange 93
@DecentralizedExchange 193
@clienctconnection 54
@clienctconnection 55
@clienctconnection 57
clientconnection@727
clientconnection@733
clientconnection@745
end
@clienctconnection 59
mausge
1
getbalancebitcoin
getbalancebitcoin open
@ClientConnection 1494
getbalancebitcoin close
@DecentralizedExchange 95
@DecentralizedExchange 89
@DecentralizedExchange 93
@DecentralizedExchange 193
@clienctconnection 54
@clienctconnection 55
@clienctconnection 57
clientconnection@727
clientconnection@733
clientconnection@745
end
@clienctconnection 59
mausge
1
updatebalancebitcrystal
updatebalancebitcrystal open
@ClientConnection 1468
updatebalancebitcrystal close
@DecentralizedExchange 95
@DecentralizedExchange 89
@DecentralizedExchange 93
@DecentralizedExchange 193
@clienctconnection 54
@clienctconnection 55
@clienctconnection 57
clientconnection@727
clientconnection@733
clientconnection@745
end
@clienctconnection 59
mausge
1
getbalancebitcrystal
getbalancebitcrystal open
@ClientConnection 1494
getbalancebitcrystal close
@DecentralizedExchange 95
@DecentralizedExchange 89
@DecentralizedExchange 93
@DecentralizedExchange 193
@clienctconnection 54
@clienctconnection 55
@clienctconnection 57
clientconnection@727
clientconnection@733
clientconnection@745
end
@clienctconnection 59
mausge
1
updatebalancebitcoin
updatebalancebitcoin open
@ClientConnection 1468
updatebalancebitcoin close
@DecentralizedExchange 95
@DecentralizedExchange 89
@DecentralizedExchange 93
@DecentralizedExchange 193
@clienctconnection 54
@clienctconnection 55
@clienctconnection 57
clientconnection@727
clientconnection@733
clientconnection@745
end
@clienctconnection 59
mausge
1
getbalancebitcoin
getbalancebitcoin open
@ClientConnection 1494
getbalancebitcoin close
@DecentralizedExchange 95
@DecentralizedExchange 89
@DecentralizedExchange 93
@DecentralizedExchange 193
@clienctconnection 54
@clienctconnection 55
@clienctconnection 57
clientconnection@727
clientconnection@733
clientconnection@745
end
@clienctconnection 59
mausge
1
updatebalancebitcrystal
updatebalancebitcrystal open
@ClientConnection 1468
updatebalancebitcrystal close
@DecentralizedExchange 95
@DecentralizedExchange 89
@DecentralizedExchange 93
@DecentralizedExchange 193
@clienctconnection 54
@clienctconnection 55
@clienctconnection 57
clientconnection@727
clientconnection@733
clientconnection@745
end
@clienctconnection 59
mausge
1
getbalancebitcrystal
getbalancebitcrystal open
@ClientConnection 1494
getbalancebitcrystal close
@DecentralizedExchange 95
@DecentralizedExchange 89
@DecentralizedExchange 93
@DecentralizedExchange 193
@clienctconnection 54
@clienctconnection 55
@clienctconnection 57
clientconnection@727
clientconnection@733
clientconnection@745
end
@clienctconnection 59
mausge
1
updatebalancebitcoin
updatebalancebitcoin open
clientconnection@727
clientconnection@733
clientconnection@745
end
@ClientConnection 1463
clientconnection@727
updatebalancebitcoin close
@DecentralizedExchange 95
@DecentralizedExchange 89
@DecentralizedExchange 93
@DecentralizedExchange 193
@clienctconnection 54
@clienctconnection 55
@clienctconnection 57
clientconnection@727
@clienctconnection 59
mausge
1
getbalancebitcoin
getbalancebitcoin open
@ClientConnection 1494
getbalancebitcoin close
@DecentralizedExchange 95
@DecentralizedExchange 89
@DecentralizedExchange 93
@DecentralizedExchange 193
@clienctconnection 54
@clienctconnection 55
@clienctconnection 57
clientconnection@727
@clienctconnection 59
mausge
1
updatebalancebitcrystal
updatebalancebitcrystal open
@ClientConnection 1468
updatebalancebitcrystal close
@DecentralizedExchange 95
@DecentralizedExchange 89
@DecentralizedExchange 93
@DecentralizedExchange 193
@clienctconnection 54
@clienctconnection 55
@clienctconnection 57
clientconnection@727
@clienctconnection 59
mausge
1
getbalancebitcrystal
getbalancebitcrystal open
@ClientConnection 1494
getbalancebitcrystal close
@DecentralizedExchange 95
@DecentralizedExchange 89
@DecentralizedExchange 93
@DecentralizedExchange 193
@clienctconnection 54
@clienctconnection 55
@clienctconnection 57
clientconnection@727
@clienctconnection 59
mausge
1
updatebalancebitcoin
updatebalancebitcoin open
clientconnection@727
@ClientConnection 1463
clientconnection@727
updatebalancebitcoin close
@DecentralizedExchange 95
@DecentralizedExchange 89
@DecentralizedExchange 93
@DecentralizedExchange 193
@clienctconnection 54
@clienctconnection 55
@clienctconnection 57
clientconnection@727
@clienctconnection 59
mausge
1
getbalancebitcoin
getbalancebitcoin open
@ClientConnection 1494
getbalancebitcoin close
@DecentralizedExchange 95
@DecentralizedExchange 89
@DecentralizedExchange 93
@DecentralizedExchange 193
@clienctconnection 54
@clienctconnection 55
@clienctconnection 57
clientconnection@727
@clienctconnection 59
mausge
1
updatebalancebitcrystal
updatebalancebitcrystal open
@ClientConnection 1468
updatebalancebitcrystal close
@DecentralizedExchange 95
@DecentralizedExchange 89
@DecentralizedExchange 93
@DecentralizedExchange 193
@clienctconnection 54
@clienctconnection 55
@clienctconnection 57
clientconnection@727
@clienctconnection 59
mausge
1
getbalancebitcrystal
getbalancebitcrystal open
@ClientConnection 1494
getbalancebitcrystal close
@DecentralizedExchange 95
@DecentralizedExchange 89
@DecentralizedExchange 93
@DecentralizedExchange 193
@clienctconnection 54
@clienctconnection 55
@clienctconnection 57
clientconnection@727
@clienctconnection 59
mausge
1
updatebalancebitcoin
updatebalancebitcoin open
clientconnection@727
@ClientConnection 1463
clientconnection@727
updatebalancebitcoin close
@DecentralizedExchange 95
@DecentralizedExchange 89
@DecentralizedExchange 93
@DecentralizedExchange 193
@clienctconnection 54
@clienctconnection 55
@clienctconnection 57
clientconnection@727
@clienctconnection 59
mausge
1
getbalancebitcoin
getbalancebitcoin open
@ClientConnection 1494
getbalancebitcoin close
@DecentralizedExchange 95
@DecentralizedExchange 89
@DecentralizedExchange 93
@DecentralizedExchange 193
@clienctconnection 54
@clienctconnection 55
@clienctconnection 57
clientconnection@727
@clienctconnection 59
mausge
1
updatebalancebitcrystal
updatebalancebitcrystal open
@ClientConnection 1468
updatebalancebitcrystal close
@DecentralizedExchange 95
@DecentralizedExchange 89
@DecentralizedExchange 93
@DecentralizedExchange 193
@clienctconnection 54
@clienctconnection 55
@clienctconnection 57
clientconnection@727
@clienctconnection 59
mausge
1
getbalancebitcrystal
getbalancebitcrystal open
@ClientConnection 1494
getbalancebitcrystal close
@DecentralizedExchange 95
@DecentralizedExchange 89
@DecentralizedExchange 93
@DecentralizedExchange 193
@clienctconnection 54
@clienctconnection 55
@clienctconnection 57
clientconnection@727
@clienctconnection 59
mausge
1
updatebalancebitcoin
updatebalancebitcoin open
clientconnection@727
@ClientConnection 1463
clientconnection@727
updatebalancebitcoin close
@DecentralizedExchange 95
@DecentralizedExchange 89
@DecentralizedExchange 93
@DecentralizedExchange 193
@clienctconnection 54
@clienctconnection 55
@clienctconnection 57
clientconnection@727
@clienctconnection 59
mausge
1
getbalancebitcoin
getbalancebitcoin open
@ClientConnection 1494
getbalancebitcoin close
@DecentralizedExchange 95
@DecentralizedExchange 89
@DecentralizedExchange 93
@DecentralizedExchange 193
@clienctconnection 54
@clienctconnection 55
@clienctconnection 57
clientconnection@727
@clienctconnection 59
mausge
1
updatebalancebitcrystal
updatebalancebitcrystal open
@ClientConnection 1468
updatebalancebitcrystal close
@DecentralizedExchange 95
@DecentralizedExchange 89
@DecentralizedExchange 93
@DecentralizedExchange 193
@clienctconnection 54
@clienctconnection 55
@clienctconnection 57
clientconnection@727
@clienctconnection 59
mausge
1
getbalancebitcrystal
getbalancebitcrystal open
@ClientConnection 1494
getbalancebitcrystal close
@DecentralizedExchange 95
@DecentralizedExchange 89
@DecentralizedExchange 93
@DecentralizedExchange 193
@clienctconnection 54
@clienctconnection 55
@clienctconnection 57
clientconnection@727
@clienctconnection 59
mausge
1
updatebalancebitcoin
updatebalancebitcoin open
clientconnection@727
@ClientConnection 1463
clientconnection@727
updatebalancebitcoin close
@DecentralizedExchange 95
@DecentralizedExchange 89
@DecentralizedExchange 93
@DecentralizedExchange 193
@clienctconnection 54
@clienctconnection 55
@clienctconnection 57
clientconnection@727
@clienctconnection 59
mausge
1
getbalancebitcoin
getbalancebitcoin open
@ClientConnection 1494
getbalancebitcoin close
@DecentralizedExchange 95
@DecentralizedExchange 89
@DecentralizedExchange 93
@DecentralizedExchange 193
@clienctconnection 54
@clienctconnection 55
@clienctconnection 57
clientconnection@727
@clienctconnection 59
mausge
1
updatebalancebitcrystal
updatebalancebitcrystal open
@ClientConnection 1468
updatebalancebitcrystal close
@DecentralizedExchange 95
@DecentralizedExchange 89
@DecentralizedExchange 93
@DecentralizedExchange 193
@clienctconnection 54
@clienctconnection 55
@clienctconnection 57
clientconnection@727
@clienctconnection 59
mausge
1
getbalancebitcrystal
getbalancebitcrystal open
@ClientConnection 1494
getbalancebitcrystal close
@DecentralizedExchange 95
@DecentralizedExchange 89
@DecentralizedExchange 93
@DecentralizedExchange 193
@clienctconnection 54
@clienctconnection 55
@clienctconnection 57
clientconnection@727
@clienctconnection 59
mausge
1
updatebalancebitcoin
updatebalancebitcoin open
clientconnection@727
@ClientConnection 1463
clientconnection@727
updatebalancebitcoin close
@DecentralizedExchange 95
@DecentralizedExchange 89
@DecentralizedExchange 93
@DecentralizedExchange 193
@clienctconnection 54
@clienctconnection 55
@clienctconnection 57
clientconnection@727
@clienctconnection 59
mausge
1
getbalancebitcoin
getbalancebitcoin open
@ClientConnection 1494
getbalancebitcoin close
@DecentralizedExchange 95
@DecentralizedExchange 89
@DecentralizedExchange 93
@DecentralizedExchange 193
@clienctconnection 54
@clienctconnection 55
@clienctconnection 57
clientconnection@727
@clienctconnection 59
mausge
1
updatebalancebitcrystal
updatebalancebitcrystal open
@ClientConnection 1468
updatebalancebitcrystal close
@DecentralizedExchange 95
@DecentralizedExchange 89
@DecentralizedExchange 93
@DecentralizedExchange 193
@clienctconnection 54
@clienctconnection 55
@clienctconnection 57
clientconnection@727
@clienctconnection 59
mausge
1
getbalancebitcrystal
getbalancebitcrystal open
@ClientConnection 1494
getbalancebitcrystal close
@DecentralizedExchange 95
@DecentralizedExchange 89
@DecentralizedExchange 93
@DecentralizedExchange 193
@clienctconnection 54
@clienctconnection 55
@clienctconnection 57
clientconnection@727
@clienctconnection 59
mausge
1
updatebalancebitcoin
updatebalancebitcoin open
clientconnection@727
@ClientConnection 1463
clientconnection@727
updatebalancebitcoin close
@DecentralizedExchange 95
@DecentralizedExchange 89
@DecentralizedExchange 93
@DecentralizedExchange 193
@clienctconnection 54
@clienctconnection 55
@clienctconnection 57
clientconnection@727
@clienctconnection 59
mausge
1
getbalancebitcoin
getbalancebitcoin open
@ClientConnection 1494
getbalancebitcoin close
@DecentralizedExchange 95
@DecentralizedExchange 89
@DecentralizedExchange 93
@DecentralizedExchange 193
@clienctconnection 54
@clienctconnection 55
@clienctconnection 57
clientconnection@727
@clienctconnection 59
mausge
1
updatebalancebitcrystal
updatebalancebitcrystal open
@ClientConnection 1468
updatebalancebitcrystal close
@DecentralizedExchange 95
@DecentralizedExchange 89
@DecentralizedExchange 93
@DecentralizedExchange 193
@clienctconnection 54
@clienctconnection 55
@clienctconnection 57
clientconnection@727
@clienctconnection 59
mausge
1
getbalancebitcrystal
getbalancebitcrystal open
@ClientConnection 1494
getbalancebitcrystal close
@DecentralizedExchange 95
@DecentralizedExchange 89
@DecentralizedExchange 93
@DecentralizedExchange 193
@clienctconnection 54
@clienctconnection 55
@clienctconnection 57
clientconnection@727
@clienctconnection 59
mausge
1
updatebalancebitcoin
updatebalancebitcoin open
clientconnection@727
@ClientConnection 1463
clientconnection@727
updatebalancebitcoin close
@DecentralizedExchange 95
@DecentralizedExchange 89
@DecentralizedExchange 93
@DecentralizedExchange 193
@clienctconnection 54
@clienctconnection 55
@clienctconnection 57
clientconnection@727
@clienctconnection 59
mausge
1
getbalancebitcoin
getbalancebitcoin open
@ClientConnection 1494
getbalancebitcoin close
@DecentralizedExchange 95
@DecentralizedExchange 89
@DecentralizedExchange 93
@DecentralizedExchange 193
@clienctconnection 54
@clienctconnection 55
@clienctconnection 57
clientconnection@727
@clienctconnection 59
mausge
1
updatebalancebitcrystal
updatebalancebitcrystal open
@ClientConnection 1468
updatebalancebitcrystal close
@DecentralizedExchange 95
@DecentralizedExchange 89
@DecentralizedExchange 93
@DecentralizedExchange 193
@clienctconnection 54
@clienctconnection 55
@clienctconnection 57
clientconnection@727
@clienctconnection 59
mausge
1
getbalancebitcrystal
getbalancebitcrystal open
@ClientConnection 1494
getbalancebitcrystal close
@DecentralizedExchange 95
@DecentralizedExchange 89
@DecentralizedExchange 93
@DecentralizedExchange 193
@clienctconnection 54
@clienctconnection 55
@clienctconnection 57
clientconnection@727
@clienctconnection 59
mausge
1
updatebalancebitcoin
updatebalancebitcoin open
clientconnection@727
@ClientConnection 1463
clientconnection@727
updatebalancebitcoin close
@DecentralizedExchange 95
@DecentralizedExchange 89
@DecentralizedExchange 93
@DecentralizedExchange 193
@clienctconnection 54
@clienctconnection 55
@clienctconnection 57
clientconnection@727
@clienctconnection 59
mausge
1
getbalancebitcoin
getbalancebitcoin open
@ClientConnection 1494
getbalancebitcoin close
@DecentralizedExchange 95
@DecentralizedExchange 89
@DecentralizedExchange 93
@DecentralizedExchange 193
@clienctconnection 54
@clienctconnection 55
@clienctconnection 57
clientconnection@727
@clienctconnection 59
mausge
1
updatebalancebitcrystal
updatebalancebitcrystal open
@ClientConnection 1468
updatebalancebitcrystal close
@DecentralizedExchange 95
@DecentralizedExchange 89
@DecentralizedExchange 93
@DecentralizedExchange 193
@clienctconnection 54
@clienctconnection 55
@clienctconnection 57
clientconnection@727
@clienctconnection 59
mausge
1
getbalancebitcrystal
getbalancebitcrystal open
@ClientConnection 1494
getbalancebitcrystal close
@DecentralizedExchange 95
@DecentralizedExchange 89
@DecentralizedExchange 93
@DecentralizedExchange 193
@clienctconnection 54
@clienctconnection 55
@clienctconnection 57
clientconnection@727
@clienctconnection 59
mausge
1
updatebalancebitcoin
updatebalancebitcoin open
clientconnection@727
@ClientConnection 1463
clientconnection@727
updatebalancebitcoin close
@DecentralizedExchange 95
@DecentralizedExchange 89
@DecentralizedExchange 93
@DecentralizedExchange 193
@clienctconnection 54
@clienctconnection 55
@clienctconnection 57
clientconnection@727
@clienctconnection 59
mausge
1
getbalancebitcoin
getbalancebitcoin open
@ClientConnection 1494
getbalancebitcoin close
@DecentralizedExchange 95
@DecentralizedExchange 89
@DecentralizedExchange 93
@DecentralizedExchange 193
@clienctconnection 54
@clienctconnection 55
@clienctconnection 57
clientconnection@727
@clienctconnection 59
mausge
1
updatebalancebitcrystal
updatebalancebitcrystal open
@ClientConnection 1468
updatebalancebitcrystal close
@DecentralizedExchange 95
@DecentralizedExchange 89
@DecentralizedExchange 93
@DecentralizedExchange 193
@clienctconnection 54
@clienctconnection 55
@clienctconnection 57
clientconnection@727
@clienctconnection 59
mausge
1
getbalancebitcrystal
getbalancebitcrystal open
@ClientConnection 1494
getbalancebitcrystal close
@DecentralizedExchange 95
@DecentralizedExchange 89
@DecentralizedExchange 93
@DecentralizedExchange 193
@clienctconnection 54
@clienctconnection 55
@clienctconnection 57
clientconnection@727
@clienctconnection 59
mausge
1
updatebalancebitcoin
updatebalancebitcoin open
clientconnection@727
@ClientConnection 1463
clientconnection@727
updatebalancebitcoin close
@DecentralizedExchange 95
@DecentralizedExchange 89
@DecentralizedExchange 93
@DecentralizedExchange 193
@clienctconnection 54
@clienctconnection 55
@clienctconnection 57
clientconnection@727
@clienctconnection 59
mausge
1
getbalancebitcoin
getbalancebitcoin open
@ClientConnection 1494
getbalancebitcoin close
@DecentralizedExchange 95
@DecentralizedExchange 89
@DecentralizedExchange 93
@DecentralizedExchange 193
@clienctconnection 54
@clienctconnection 55
@clienctconnection 57
clientconnection@727
@clienctconnection 59
mausge
1
updatebalancebitcrystal
updatebalancebitcrystal open
@ClientConnection 1468
updatebalancebitcrystal close
@DecentralizedExchange 95
@DecentralizedExchange 89
@DecentralizedExchange 93
@DecentralizedExchange 193
@clienctconnection 54
@clienctconnection 55
@clienctconnection 57
clientconnection@727
@clienctconnection 59
mausge
1
getbalancebitcrystal
getbalancebitcrystal open
@ClientConnection 1494
getbalancebitcrystal close
@DecentralizedExchange 95
@DecentralizedExchange 89
@DecentralizedExchange 93
@DecentralizedExchange 193
@clienctconnection 54
@clienctconnection 55
@clienctconnection 57
clientconnection@727
@clienctconnection 59
mausge
1
updatebalancebitcoin
updatebalancebitcoin open
clientconnection@727
@ClientConnection 1463
clientconnection@727
updatebalancebitcoin close
@DecentralizedExchange 95
@DecentralizedExchange 89
@DecentralizedExchange 93
@DecentralizedExchange 193
@clienctconnection 54
@clienctconnection 55
@clienctconnection 57
clientconnection@727
@clienctconnection 59
mausge
1
getbalancebitcoin
getbalancebitcoin open
@ClientConnection 1494
getbalancebitcoin close
@DecentralizedExchange 95
@DecentralizedExchange 89
@DecentralizedExchange 93
@DecentralizedExchange 193
@clienctconnection 54
@clienctconnection 55
@clienctconnection 57
clientconnection@727
@clienctconnection 59
mausge
1
updatebalancebitcrystal
updatebalancebitcrystal open
@ClientConnection 1468
updatebalancebitcrystal close
@DecentralizedExchange 95
@DecentralizedExchange 89
@DecentralizedExchange 93
@DecentralizedExchange 193
@clienctconnection 54
@clienctconnection 55
@clienctconnection 57
clientconnection@727
@clienctconnection 59
mausge
1
getbalancebitcrystal
getbalancebitcrystal open
@ClientConnection 1494
getbalancebitcrystal close
@DecentralizedExchange 95
@DecentralizedExchange 89
@DecentralizedExchange 93
@DecentralizedExchange 193
@clienctconnection 54
@clienctconnection 55
@clienctconnection 57
clientconnection@727
@clienctconnection 59
mausge
1
updatebalancebitcoin
updatebalancebitcoin open
clientconnection@727
@ClientConnection 1463
clientconnection@727
updatebalancebitcoin close
@DecentralizedExchange 95
@DecentralizedExchange 89
@DecentralizedExchange 93
@DecentralizedExchange 193
@clienctconnection 54
@clienctconnection 55
@clienctconnection 57
clientconnection@727
@clienctconnection 59
mausge
1
getbalancebitcoin
getbalancebitcoin open
@ClientConnection 1494
getbalancebitcoin close
@DecentralizedExchange 95
@DecentralizedExchange 89
@DecentralizedExchange 93
@DecentralizedExchange 193
@clienctconnection 54
@clienctconnection 55
@clienctconnection 57
clientconnection@727
@clienctconnection 59
mausge
1
updatebalancebitcrystal
updatebalancebitcrystal open
@ClientConnection 1468
updatebalancebitcrystal close
@DecentralizedExchange 95
@DecentralizedExchange 89
@DecentralizedExchange 93
@DecentralizedExchange 193
@clienctconnection 54
@clienctconnection 55
@clienctconnection 57
clientconnection@727
@clienctconnection 59
mausge
1
getbalancebitcrystal
getbalancebitcrystal open
@ClientConnection 1494
getbalancebitcrystal close
@DecentralizedExchange 95
@DecentralizedExchange 89
@DecentralizedExchange 93
@DecentralizedExchange 193
@clienctconnection 54
@clienctconnection 55
@clienctconnection 57
clientconnection@727
@clienctconnection 59
mausge
1
updatebalancebitcoin
updatebalancebitcoin open
clientconnection@727
@ClientConnection 1463
clientconnection@727
updatebalancebitcoin close
@DecentralizedExchange 95
@DecentralizedExchange 89
@DecentralizedExchange 93
@DecentralizedExchange 193
@clienctconnection 54
@clienctconnection 55
@clienctconnection 57
clientconnection@727
@clienctconnection 59
mausge
1
getbalancebitcoin
getbalancebitcoin open
@ClientConnection 1494
getbalancebitcoin close
@DecentralizedExchange 95
@DecentralizedExchange 89
@DecentralizedExchange 93
@DecentralizedExchange 193
@clienctconnection 54
@clienctconnection 55
@clienctconnection 57
clientconnection@727
@clienctconnection 59
mausge
1
updatebalancebitcrystal
updatebalancebitcrystal open
@ClientConnection 1468
updatebalancebitcrystal close
@DecentralizedExchange 95
@DecentralizedExchange 89
@DecentralizedExchange 93
@DecentralizedExchange 193
@clienctconnection 54
@clienctconnection 55
@clienctconnection 57
clientconnection@727
@clienctconnection 59
mausge
1
getbalancebitcrystal
getbalancebitcrystal open
@ClientConnection 1494
getbalancebitcrystal close
@DecentralizedExchange 95
@DecentralizedExchange 89
@DecentralizedExchange 93
@DecentralizedExchange 89
@DecentralizedExchange 93
@DecentralizedExchange 193
@clienctconnection 54
@clienctconnection 55
@clienctconnection 57
clientconnection@727
@clienctconnection 59
mausge
1
getbalancebitcoin
getbalancebitcoin open
@ClientConnection 1494
getbalancebitcoin close
@DecentralizedExchange 95
@DecentralizedExchange 89
@DecentralizedExchange 93
@DecentralizedExchange 193
@clienctconnection 54
@clienctconnection 55
@clienctconnection 57
clientconnection@727
@clienctconnection 59
mausge
1
updatebalancebitcrystal
updatebalancebitcrystal open
@ClientConnection 1468
updatebalancebitcrystal close
@DecentralizedExchange 95
@DecentralizedExchange 89
@DecentralizedExchange 93
@DecentralizedExchange 193
@clienctconnection 54
@clienctconnection 55
@clienctconnection 57
clientconnection@727
@clienctconnection 59
mausge
1
getbalancebitcrystal
getbalancebitcrystal open
@ClientConnection 1494
getbalancebitcrystal close
@DecentralizedExchange 95
@DecentralizedExchange 89
@DecentralizedExchange 93
@DecentralizedExchange 89
@DecentralizedExchange 93
@DecentralizedExchange 193
@clienctconnection 54
@clienctconnection 55
@clienctconnection 57
clientconnection@727
@clienctconnection 59
mausge
1
getbalancebitcoin
getbalancebitcoin open
@ClientConnection 1494
getbalancebitcoin close
@DecentralizedExchange 95
@DecentralizedExchange 89
@DecentralizedExchange 93
@DecentralizedExchange 193
@clienctconnection 54
@clienctconnection 55
@clienctconnection 57
clientconnection@727
@clienctconnection 59
mausge
1
updatebalancebitcrystal
updatebalancebitcrystal open
@ClientConnection 1468
updatebalancebitcrystal close
@DecentralizedExchange 95
@DecentralizedExchange 89
@DecentralizedExchange 93
@DecentralizedExchange 193
@clienctconnection 54
@clienctconnection 55
@clienctconnection 57
clientconnection@727
@clienctconnection 59
mausge
1
getbalancebitcrystal
getbalancebitcrystal open
@ClientConnection 1494
getbalancebitcrystal close
@DecentralizedExchange 95
@DecentralizedExchange 89
@DecentralizedExchange 93
@DecentralizedExchange 193
@clienctconnection 54
@clienctconnection 55
@clienctconnection 57
clientconnection@727
@clienctconnection 59
mausge
1
updatebalancebitcoin
updatebalancebitcoin open
clientconnection@727
@ClientConnection 1463
clientconnection@727
updatebalancebitcoin close
@DecentralizedExchange 95
@DecentralizedExchange 89
@DecentralizedExchange 93
@DecentralizedExchange 193
@clienctconnection 54
@clienctconnection 55
@clienctconnection 57
clientconnection@727
@clienctconnection 59
mausge
1
getbalancebitcoin
getbalancebitcoin open
@ClientConnection 1494
getbalancebitcoin close
@DecentralizedExchange 95
@DecentralizedExchange 89
@DecentralizedExchange 93
@DecentralizedExchange 193
@clienctconnection 54
@clienctconnection 55
@clienctconnection 57
clientconnection@727
@clienctconnection 59
mausge
1
updatebalancebitcrystal
updatebalancebitcrystal open
clientconnection@727
@ClientConnection 1463
updatebalancebitcrystal close
@DecentralizedExchange 95
@DecentralizedExchange 89
@DecentralizedExchange 93
@DecentralizedExchange 193
@clienctconnection 54
@clienctconnection 55
@clienctconnection 57
clientconnection@727
@clienctconnection 59
mausge
1
getbalancebitcrystal
getbalancebitcrystal open
@ClientConnection 1494
getbalancebitcrystal close
@DecentralizedExchange 95
@DecentralizedExchange 89
@DecentralizedExchange 93
@DecentralizedExchange 193
@clienctconnection 54
@clienctconnection 55
@clienctconnection 57
clientconnection@727
@clienctconnection 59
mausge
1
updatebalancebitcoin
updatebalancebitcoin open
clientconnection@727
@ClientConnection 1463
clientconnection@727
updatebalancebitcoin close
@DecentralizedExchange 95
@DecentralizedExchange 89
@DecentralizedExchange 93
@DecentralizedExchange 193
@clienctconnection 54
@clienctconnection 55
@clienctconnection 57
clientconnection@727
@clienctconnection 59
mausge
1
getbalancebitcoin
getbalancebitcoin open
@ClientConnection 1494
getbalancebitcoin close
@DecentralizedExchange 95
@DecentralizedExchange 89
@DecentralizedExchange 93
@DecentralizedExchange 193
@clienctconnection 54
@clienctconnection 55
@clienctconnection 57
clientconnection@727
@clienctconnection 59
mausge
1
updatebalancebitcrystal
updatebalancebitcrystal open
clientconnection@727
@ClientConnection 1463
updatebalancebitcrystal close
@DecentralizedExchange 95
@DecentralizedExchange 89
@DecentralizedExchange 93
@DecentralizedExchange 193
@clienctconnection 54
@clienctconnection 55
@clienctconnection 57
clientconnection@727
@clienctconnection 59
mausge
1
getbalancebitcrystal
getbalancebitcrystal open
@ClientConnection 1494
getbalancebitcrystal close
@DecentralizedExchange 95
@DecentralizedExchange 89
@DecentralizedExchange 93
@DecentralizedExchange 89
@DecentralizedExchange 93
@DecentralizedExchange 193
@clienctconnection 54
@clienctconnection 55
@clienctconnection 57
clientconnection@727
@clienctconnection 59
mausge
1
getbalancebitcoin
getbalancebitcoin open
@ClientConnection 1494
getbalancebitcoin close
@DecentralizedExchange 95
@DecentralizedExchange 89
@DecentralizedExchange 93
@DecentralizedExchange 193
@clienctconnection 54
@clienctconnection 55
@clienctconnection 57
clientconnection@727
@clienctconnection 59
mausge
1
updatebalancebitcrystal
updatebalancebitcrystal open
clientconnection@727
@ClientConnection 1463
updatebalancebitcrystal close
@DecentralizedExchange 95
@DecentralizedExchange 89
@DecentralizedExchange 93
@DecentralizedExchange 193
@clienctconnection 54
@clienctconnection 55
@clienctconnection 57
clientconnection@727
@clienctconnection 59
mausge
1
getbalancebitcrystal
getbalancebitcrystal open
@ClientConnection 1494
getbalancebitcrystal close
@DecentralizedExchange 95
@DecentralizedExchange 89
@DecentralizedExchange 93
@DecentralizedExchange 193
@clienctconnection 54
@clienctconnection 55
@clienctconnection 57
clientconnection@727
@clienctconnection 59
mausge
1
updatebalancebitcoin
updatebalancebitcoin open
clientconnection@727
@ClientConnection 1463
clientconnection@727
updatebalancebitcoin close
@DecentralizedExchange 95
@DecentralizedExchange 89
@DecentralizedExchange 93
@DecentralizedExchange 193
@clienctconnection 54
@clienctconnection 55
@clienctconnection 57
clientconnection@727
@clienctconnection 59
mausge
1
getbalancebitcoin
getbalancebitcoin open
@ClientConnection 1494
getbalancebitcoin close
@DecentralizedExchange 95
@DecentralizedExchange 89
@DecentralizedExchange 93
@DecentralizedExchange 193
@clienctconnection 54
@clienctconnection 55
@clienctconnection 57
clientconnection@727
@clienctconnection 59
mausge
1
updatebalancebitcrystal
updatebalancebitcrystal open
clientconnection@727
@ClientConnection 1463
updatebalancebitcrystal close
@DecentralizedExchange 95
@DecentralizedExchange 89
@DecentralizedExchange 93
@DecentralizedExchange 193
@clienctconnection 54
@clienctconnection 55
@clienctconnection 57
clientconnection@727
@clienctconnection 59
mausge
1
getbalancebitcrystal
getbalancebitcrystal open
@ClientConnection 1494
getbalancebitcrystal close
@DecentralizedExchange 95
@DecentralizedExchange 89
@DecentralizedExchange 93
@DecentralizedExchange 193
@clienctconnection 54
@clienctconnection 55
@clienctconnection 57
clientconnection@727
@clienctconnection 59
mausge
1
updatebalancebitcoin
updatebalancebitcoin open
clientconnection@727
@ClientConnection 1463
clientconnection@727
updatebalancebitcoin close
@DecentralizedExchange 95
@DecentralizedExchange 89
@DecentralizedExchange 93
@DecentralizedExchange 193
@clienctconnection 54
@clienctconnection 55
@clienctconnection 57
clientconnection@727
@clienctconnection 59
mausge
1
getbalancebitcoin
getbalancebitcoin open
@ClientConnection 1494
getbalancebitcoin close
@DecentralizedExchange 95
@DecentralizedExchange 89
@DecentralizedExchange 93
@DecentralizedExchange 193
@clienctconnection 54
@clienctconnection 55
@clienctconnection 57
clientconnection@727
@clienctconnection 59
mausge
1
updatebalancebitcrystal
updatebalancebitcrystal open
clientconnection@727
@ClientConnection 1463
updatebalancebitcrystal close
@DecentralizedExchange 95
@DecentralizedExchange 89
@DecentralizedExchange 93
@DecentralizedExchange 193
@clienctconnection 54
@clienctconnection 55
@clienctconnection 57
clientconnection@727
@clienctconnection 59
mausge
1
getbalancebitcrystal
getbalancebitcrystal open
@ClientConnection 1494
getbalancebitcrystal close
@DecentralizedExchange 95
@DecentralizedExchange 89
@DecentralizedExchange 93
@DecentralizedExchange 193
@clienctconnection 54
@clienctconnection 55
@clienctconnection 57
clientconnection@727
@clienctconnection 59
mausge
1
updatebalancebitcoin
updatebalancebitcoin open
clientconnection@727
@ClientConnection 1463
clientconnection@727
updatebalancebitcoin close
@DecentralizedExchange 95
@DecentralizedExchange 89
@DecentralizedExchange 93
@DecentralizedExchange 193
@clienctconnection 54
@clienctconnection 55
@clienctconnection 57
clientconnection@727
@clienctconnection 59
mausge
1
getbalancebitcoin
getbalancebitcoin open
@ClientConnection 1494
getbalancebitcoin close
@DecentralizedExchange 95
@DecentralizedExchange 89
@DecentralizedExchange 93
@DecentralizedExchange 193
@clienctconnection 54
@clienctconnection 55
@clienctconnection 57
clientconnection@727
@clienctconnection 59
mausge
1
updatebalancebitcrystal
updatebalancebitcrystal open
clientconnection@727
@ClientConnection 1463
updatebalancebitcrystal close
@DecentralizedExchange 95
@DecentralizedExchange 89
@DecentralizedExchange 93
@DecentralizedExchange 193
@clienctconnection 54
@clienctconnection 55
@clienctconnection 57
clientconnection@727
@clienctconnection 59
mausge
1
getbalancebitcrystal
getbalancebitcrystal open
@ClientConnection 1494
getbalancebitcrystal close
@DecentralizedExchange 95
@DecentralizedExchange 89
@DecentralizedExchange 93
@DecentralizedExchange 193
@clienctconnection 54
@clienctconnection 55
@clienctconnection 57
clientconnection@727
@clienctconnection 59
mausge
1
updatebalancebitcoin
updatebalancebitcoin open
clientconnection@727
@ClientConnection 1463
clientconnection@727
updatebalancebitcoin close
@DecentralizedExchange 95
@DecentralizedExchange 89
@DecentralizedExchange 93
@DecentralizedExchange 193
@clienctconnection 54
@clienctconnection 55
@clienctconnection 57
clientconnection@727
@clienctconnection 59
mausge
1
getbalancebitcoin
getbalancebitcoin open
@ClientConnection 1494
getbalancebitcoin close
@DecentralizedExchange 95
@DecentralizedExchange 89
@DecentralizedExchange 93
@DecentralizedExchange 193
@clienctconnection 54
@clienctconnection 55
@clienctconnection 57
clientconnection@727
@clienctconnection 59
mausge
1
updatebalancebitcrystal
updatebalancebitcrystal open
clientconnection@727
@ClientConnection 1463
updatebalancebitcrystal close
@DecentralizedExchange 95
@DecentralizedExchange 89
@DecentralizedExchange 93
@DecentralizedExchange 193
@clienctconnection 54
@clienctconnection 55
@clienctconnection 57
clientconnection@727
@clienctconnection 59
mausge
1
getbalancebitcrystal
getbalancebitcrystal open
@ClientConnection 1494
getbalancebitcrystal close
@DecentralizedExchange 95
@DecentralizedExchange 89
@DecentralizedExchange 93
@DecentralizedExchange 193
@clienctconnection 54
@clienctconnection 55
@clienctconnection 57
clientconnection@727
@clienctconnection 59
mausge
1
updatebalancebitcoin
updatebalancebitcoin open
clientconnection@727
@ClientConnection 1463
clientconnection@727
updatebalancebitcoin close
@DecentralizedExchange 95
@DecentralizedExchange 89
@DecentralizedExchange 93
@DecentralizedExchange 89
@DecentralizedExchange 93
@DecentralizedExchange 193
@clienctconnection 54
@clienctconnection 55
@clienctconnection 57
clientconnection@727
@clienctconnection 59
mausge
1
updatebalancebitcrystal
updatebalancebitcrystal open
clientconnection@727
@ClientConnection 1463
updatebalancebitcrystal close
@DecentralizedExchange 95
@DecentralizedExchange 89
@DecentralizedExchange 93
@DecentralizedExchange 193
@clienctconnection 54
@clienctconnection 55
@clienctconnection 57
clientconnection@727
@clienctconnection 59
mausge
1
getbalancebitcrystal
getbalancebitcrystal open
@ClientConnection 1494
getbalancebitcrystal close
@DecentralizedExchange 95
@DecentralizedExchange 89
@DecentralizedExchange 93
@DecentralizedExchange 193
@clienctconnection 54
@clienctconnection 55
@clienctconnection 57
clientconnection@727
@clienctconnection 59
mausge
1
updatebalancebitcoin
updatebalancebitcoin open
clientconnection@727
@ClientConnection 1463
clientconnection@727
updatebalancebitcoin close
@DecentralizedExchange 95
@DecentralizedExchange 89
@DecentralizedExchange 93
