@DecentralizedExchange 67
@DecentralizedExchange 89
@DecentralizedExchange 93
@DecentralizedExchange 89
@DecentralizedExchange 93
@DecentralizedExchange 193
@clienctconnection 54
@clienctconnection 55
@clienctconnection 57
test
cool
coolvvv
nein
hier
@clienctconnection 59
mausge
1
add
add open
clientconnection@79
clientconnection@85
maadadadadadadadadusge
mauadadadadadsge
clientconnection@91
clientconnection@727
clientconnection@733
clientconnection@745
end
madaadadadaadaadadadusge
KzsK4mTKV4uQ9cdxUsg9soCnENiHMr8QnHpubby8ZjjXF3idSsPg
1NWWpceYmV7ZqdAhDUt3EEWjnNNrWKYCyT
mausssdadsasdasdasdge
mausasadsasdssge
ALL_OK
cool
clientconnection@727
clientconnection@733
clientconnection@745
end
add close
@DecentralizedExchange 95
