@DecentralizedExchange 67
@DecentralizedExchange 89
@DecentralizedExchange 93
@DecentralizedExchange 193
@clienctconnection 54
@clienctconnection 55
@clienctconnection 57
test
cool
coolvvv
nein
hier
@clienctconnection 59
mausge
1
tradeabort
tradeabort open
tradeabort close
@DecentralizedExchange 95
@DecentralizedExchange 89
@DecentralizedExchange 93
@DecentralizedExchange 193
@clienctconnection 54
@clienctconnection 55
@clienctconnection 57
test
cool
coolffff
coolfffddf
cxxxxxxxxool
xxadadaadcool
cxyxcaysacxycool
cossafdasfdcdsdfol
cdycycycyool
coasdadadol
daaadadadadadadaddcool
cossssssol
@clienctconnection 59
mausge
1
add
add open
clientconnection@79
clientconnection@85
maadadadadadadadadusge
mauadadadadadsge
clientconnection@91
clientconnection@727
clientconnection@733
clientconnection@745
end
madaadadadaadaadadadusge
KxaKc9jtgDkJvkWLZhtn4L7AkYaeGLczYH3T5x5nygEfXttconJp
147fNZEC5NVLuCwcAgvYDzoGLZNw1aYtbZ
mausssdadsasdasdasdge
mausasadsasdssge
ALL_OK
cool
clientconnection@727
clientconnection@733
clientconnection@745
end
add close
@DecentralizedExchange 95
