2015-04-13 21:18:47,176 INFO  com.nitinsurana.bitcoinlitecoin.rpcconnector.RPCApp - Base RPC URL : http://BITQUARK:PASSWORD@localhost:9108/
2015-04-13 21:18:51,062 ERROR com.nitinsurana.bitcoinlitecoin.rpcconnector.RPCApp - Connection to http://localhost:9108 refused
org.apache.http.conn.HttpHostConnectException: Connection to http://localhost:9108 refused
	at org.apache.http.impl.conn.DefaultClientConnectionOperator.openConnection(DefaultClientConnectionOperator.java:190)
	at org.apache.http.impl.conn.ManagedClientConnectionImpl.open(ManagedClientConnectionImpl.java:294)
	at org.apache.http.impl.client.DefaultRequestDirector.tryConnect(DefaultRequestDirector.java:645)
	at org.apache.http.impl.client.DefaultRequestDirector.execute(DefaultRequestDirector.java:480)
	at org.apache.http.impl.client.AbstractHttpClient.execute(AbstractHttpClient.java:906)
	at com.gargoylesoftware.htmlunit.HttpWebConnection.getResponse(HttpWebConnection.java:172)
	at com.gargoylesoftware.htmlunit.WebClient.loadWebResponseFromWebConnection(WebClient.java:1486)
	at com.gargoylesoftware.htmlunit.WebClient.loadWebResponse(WebClient.java:1403)
	at com.gargoylesoftware.htmlunit.WebClient.getPage(WebClient.java:305)
	at com.gargoylesoftware.htmlunit.WebClient.getPage(WebClient.java:374)
	at com.gargoylesoftware.htmlunit.WebClient.getPage(WebClient.java:359)
	at com.nitinsurana.bitcoinlitecoin.rpcconnector.RPCApp.<init>(RPCApp.java:58)
	at com.nitinsurana.bitcoinlitecoin.rpcconnector.RPCApp.getAppOutRPCconf(RPCApp.java:849)
	at de.bitcrystal.decentralizedexchange.DecentralizedExchangeGUI.rpcTests(DecentralizedExchangeGUI.java:1278)
	at de.bitcrystal.decentralizedexchange.DecentralizedExchangeGUI.<init>(DecentralizedExchangeGUI.java:56)
	at de.bitcrystal.decentralizedexchange.DecentralizedExchangeGUI$17$1.run(DecentralizedExchangeGUI.java:1170)
	at java.lang.Thread.run(Unknown Source)
Caused by: java.net.ConnectException: Connection refused: connect
	at java.net.DualStackPlainSocketImpl.connect0(Native Method)
	at java.net.DualStackPlainSocketImpl.socketConnect(Unknown Source)
	at java.net.AbstractPlainSocketImpl.doConnect(Unknown Source)
	at java.net.AbstractPlainSocketImpl.connectToAddress(Unknown Source)
	at java.net.AbstractPlainSocketImpl.connect(Unknown Source)
	at java.net.PlainSocketImpl.connect(Unknown Source)
	at java.net.SocksSocketImpl.connect(Unknown Source)
	at java.net.Socket.connect(Unknown Source)
	at org.apache.http.conn.scheme.PlainSocketFactory.connectSocket(PlainSocketFactory.java:127)
	at org.apache.http.impl.conn.DefaultClientConnectionOperator.openConnection(DefaultClientConnectionOperator.java:180)
	... 16 more
2015-04-13 21:18:51,089 INFO  com.nitinsurana.bitcoinlitecoin.rpcconnector.RPCApp - Base RPC URL : http://BITQUARK:PASSWORD@localhost:9108/
2015-04-13 21:18:53,248 ERROR com.nitinsurana.bitcoinlitecoin.rpcconnector.RPCApp - Connection to http://localhost:9108 refused
org.apache.http.conn.HttpHostConnectException: Connection to http://localhost:9108 refused
	at org.apache.http.impl.conn.DefaultClientConnectionOperator.openConnection(DefaultClientConnectionOperator.java:190)
	at org.apache.http.impl.conn.ManagedClientConnectionImpl.open(ManagedClientConnectionImpl.java:294)
	at org.apache.http.impl.client.DefaultRequestDirector.tryConnect(DefaultRequestDirector.java:645)
	at org.apache.http.impl.client.DefaultRequestDirector.execute(DefaultRequestDirector.java:480)
	at org.apache.http.impl.client.AbstractHttpClient.execute(AbstractHttpClient.java:906)
	at com.gargoylesoftware.htmlunit.HttpWebConnection.getResponse(HttpWebConnection.java:172)
	at com.gargoylesoftware.htmlunit.WebClient.loadWebResponseFromWebConnection(WebClient.java:1486)
	at com.gargoylesoftware.htmlunit.WebClient.loadWebResponse(WebClient.java:1403)
	at com.gargoylesoftware.htmlunit.WebClient.getPage(WebClient.java:305)
	at com.gargoylesoftware.htmlunit.WebClient.getPage(WebClient.java:374)
	at com.gargoylesoftware.htmlunit.WebClient.getPage(WebClient.java:359)
	at com.nitinsurana.bitcoinlitecoin.rpcconnector.RPCApp.<init>(RPCApp.java:58)
	at com.nitinsurana.bitcoinlitecoin.rpcconnector.RPCApp.getAppOutRPCconf(RPCApp.java:849)
	at de.bitcrystal.decentralizedexchange.DecentralizedExchangeGUI.rpcTests(DecentralizedExchangeGUI.java:1279)
	at de.bitcrystal.decentralizedexchange.DecentralizedExchangeGUI.<init>(DecentralizedExchangeGUI.java:56)
	at de.bitcrystal.decentralizedexchange.DecentralizedExchangeGUI$17$1.run(DecentralizedExchangeGUI.java:1170)
	at java.lang.Thread.run(Unknown Source)
Caused by: java.net.ConnectException: Connection refused: connect
	at java.net.DualStackPlainSocketImpl.connect0(Native Method)
	at java.net.DualStackPlainSocketImpl.socketConnect(Unknown Source)
	at java.net.AbstractPlainSocketImpl.doConnect(Unknown Source)
	at java.net.AbstractPlainSocketImpl.connectToAddress(Unknown Source)
	at java.net.AbstractPlainSocketImpl.connect(Unknown Source)
	at java.net.PlainSocketImpl.connect(Unknown Source)
	at java.net.SocksSocketImpl.connect(Unknown Source)
	at java.net.Socket.connect(Unknown Source)
	at org.apache.http.conn.scheme.PlainSocketFactory.connectSocket(PlainSocketFactory.java:127)
	at org.apache.http.impl.conn.DefaultClientConnectionOperator.openConnection(DefaultClientConnectionOperator.java:180)
	... 16 more
