2015-04-16 18:04:39,289 INFO  com.nitinsurana.bitcoinlitecoin.rpcconnector.RPCApp - Base RPC URL : http://WernerChainer:fickdiehenne@127.0.0.1:19332/
2015-04-16 18:04:40,545 ERROR com.nitinsurana.bitcoinlitecoin.rpcconnector.RPCApp - Connection to http://127.0.0.1:19332 refused
org.apache.http.conn.HttpHostConnectException: Connection to http://127.0.0.1:19332 refused
	at org.apache.http.impl.conn.DefaultClientConnectionOperator.openConnection(DefaultClientConnectionOperator.java:190)
	at org.apache.http.impl.conn.ManagedClientConnectionImpl.open(ManagedClientConnectionImpl.java:294)
	at org.apache.http.impl.client.DefaultRequestDirector.tryConnect(DefaultRequestDirector.java:645)
	at org.apache.http.impl.client.DefaultRequestDirector.execute(DefaultRequestDirector.java:480)
	at org.apache.http.impl.client.AbstractHttpClient.execute(AbstractHttpClient.java:906)
	at com.gargoylesoftware.htmlunit.HttpWebConnection.getResponse(HttpWebConnection.java:172)
	at com.gargoylesoftware.htmlunit.WebClient.loadWebResponseFromWebConnection(WebClient.java:1486)
	at com.gargoylesoftware.htmlunit.WebClient.loadWebResponse(WebClient.java:1403)
	at com.gargoylesoftware.htmlunit.WebClient.getPage(WebClient.java:305)
	at com.gargoylesoftware.htmlunit.WebClient.getPage(WebClient.java:374)
	at com.gargoylesoftware.htmlunit.WebClient.getPage(WebClient.java:359)
	at com.nitinsurana.bitcoinlitecoin.rpcconnector.RPCApp.<init>(RPCApp.java:58)
	at com.nitinsurana.bitcoinlitecoin.rpcconnector.RPCApp.getAppOutRPCconf(RPCApp.java:849)
	at de.bitcrystal.decentralizedexchange.DecentralizedExchangeGUI.rpcTests(DecentralizedExchangeGUI.java:1322)
	at de.bitcrystal.decentralizedexchange.DecentralizedExchangeGUI.<init>(DecentralizedExchangeGUI.java:56)
	at de.bitcrystal.decentralizedexchange.DecentralizedExchangeGUI$17$1.run(DecentralizedExchangeGUI.java:1210)
	at java.lang.Thread.run(Thread.java:722)
Caused by: java.net.ConnectException: Connection refused: connect
	at java.net.DualStackPlainSocketImpl.connect0(Native Method)
	at java.net.DualStackPlainSocketImpl.socketConnect(DualStackPlainSocketImpl.java:69)
	at java.net.AbstractPlainSocketImpl.doConnect(AbstractPlainSocketImpl.java:339)
	at java.net.AbstractPlainSocketImpl.connectToAddress(AbstractPlainSocketImpl.java:200)
	at java.net.AbstractPlainSocketImpl.connect(AbstractPlainSocketImpl.java:182)
	at java.net.PlainSocketImpl.connect(PlainSocketImpl.java:157)
	at java.net.SocksSocketImpl.connect(SocksSocketImpl.java:391)
	at java.net.Socket.connect(Socket.java:579)
	at org.apache.http.conn.scheme.PlainSocketFactory.connectSocket(PlainSocketFactory.java:127)
	at org.apache.http.impl.conn.DefaultClientConnectionOperator.openConnection(DefaultClientConnectionOperator.java:180)
	... 16 more
2015-04-16 18:04:40,548 INFO  com.nitinsurana.bitcoinlitecoin.rpcconnector.RPCApp - Base RPC URL : http://WernerChainer:fickdiehenne@127.0.0.1:18332/
2015-04-16 18:04:41,565 ERROR com.nitinsurana.bitcoinlitecoin.rpcconnector.RPCApp - Connection to http://127.0.0.1:18332 refused
org.apache.http.conn.HttpHostConnectException: Connection to http://127.0.0.1:18332 refused
	at org.apache.http.impl.conn.DefaultClientConnectionOperator.openConnection(DefaultClientConnectionOperator.java:190)
	at org.apache.http.impl.conn.ManagedClientConnectionImpl.open(ManagedClientConnectionImpl.java:294)
	at org.apache.http.impl.client.DefaultRequestDirector.tryConnect(DefaultRequestDirector.java:645)
	at org.apache.http.impl.client.DefaultRequestDirector.execute(DefaultRequestDirector.java:480)
	at org.apache.http.impl.client.AbstractHttpClient.execute(AbstractHttpClient.java:906)
	at com.gargoylesoftware.htmlunit.HttpWebConnection.getResponse(HttpWebConnection.java:172)
	at com.gargoylesoftware.htmlunit.WebClient.loadWebResponseFromWebConnection(WebClient.java:1486)
	at com.gargoylesoftware.htmlunit.WebClient.loadWebResponse(WebClient.java:1403)
	at com.gargoylesoftware.htmlunit.WebClient.getPage(WebClient.java:305)
	at com.gargoylesoftware.htmlunit.WebClient.getPage(WebClient.java:374)
	at com.gargoylesoftware.htmlunit.WebClient.getPage(WebClient.java:359)
	at com.nitinsurana.bitcoinlitecoin.rpcconnector.RPCApp.<init>(RPCApp.java:58)
	at com.nitinsurana.bitcoinlitecoin.rpcconnector.RPCApp.getAppOutRPCconf(RPCApp.java:849)
	at de.bitcrystal.decentralizedexchange.DecentralizedExchangeGUI.rpcTests(DecentralizedExchangeGUI.java:1323)
	at de.bitcrystal.decentralizedexchange.DecentralizedExchangeGUI.<init>(DecentralizedExchangeGUI.java:56)
	at de.bitcrystal.decentralizedexchange.DecentralizedExchangeGUI$17$1.run(DecentralizedExchangeGUI.java:1210)
	at java.lang.Thread.run(Thread.java:722)
Caused by: java.net.ConnectException: Connection refused: connect
	at java.net.DualStackPlainSocketImpl.connect0(Native Method)
	at java.net.DualStackPlainSocketImpl.socketConnect(DualStackPlainSocketImpl.java:69)
	at java.net.AbstractPlainSocketImpl.doConnect(AbstractPlainSocketImpl.java:339)
	at java.net.AbstractPlainSocketImpl.connectToAddress(AbstractPlainSocketImpl.java:200)
	at java.net.AbstractPlainSocketImpl.connect(AbstractPlainSocketImpl.java:182)
	at java.net.PlainSocketImpl.connect(PlainSocketImpl.java:157)
	at java.net.SocksSocketImpl.connect(SocksSocketImpl.java:391)
	at java.net.Socket.connect(Socket.java:579)
	at org.apache.http.conn.scheme.PlainSocketFactory.connectSocket(PlainSocketFactory.java:127)
	at org.apache.http.impl.conn.DefaultClientConnectionOperator.openConnection(DefaultClientConnectionOperator.java:180)
	... 16 more
